<?xml version="1.0" encoding="UTF-8"?>
<testsuites name="jest tests" tests="1" failures="0" errors="0" time="0.155">
  <testsuite name="" errors="0" failures="0" skipped="0" timestamp="2023-02-25T20:54:28" time="0.148" tests="1">
    <testcase classname=" Funkcja zwraca silly string" name=" Funkcja zwraca silly string" time="0.001">
    </testcase>
  </testsuite>
</testsuites>